-------------------------------------------------------------------------------
Test set: opentracinng.DemoApplicationTests
-------------------------------------------------------------------------------
Tests run: 1, Failures: 0, Errors: 1, Skipped: 0, Time elapsed: 1.218 s <<< FAILURE! - in opentracinng.DemoApplicationTests
contextLoads  Time elapsed: 0.001 s  <<< ERROR!
java.lang.IllegalStateException: Failed to load ApplicationContext
Caused by: java.lang.IllegalArgumentException: Could not find class [org.springframework.cloud.netflix.feign.FeignAutoConfiguration]
Caused by: java.lang.ClassNotFoundException: org.springframework.cloud.netflix.feign.FeignAutoConfiguration

